2023-07-17T11:42:30.963-0400 [main] INFO  o.s.t.c.s.AbstractContextLoader      Could not detect default resource locations for test class [com.santosh.greenzone.main.MainApplicationTests]: no resource found for suffixes {-context.xml, Context.groovy}.
2023-07-17T11:42:30.969-0400 [main] INFO  o.s.t.c.s.AnnotationConfigContextLoaderUtils Could not detect default configuration classes for test class [com.santosh.greenzone.main.MainApplicationTests]: MainApplicationTests does not declare any static, non-private, non-final, nested classes annotated with @Configuration.
2023-07-17T11:42:31.873-0400 [main] INFO  c.s.g.m.MainApplicationTests         Starting MainApplicationTests on Home with PID 9272 (started by santosh in E:\STS\sts-4.6.0.RELEASE\workspace-spring-tool-suite-4-4.6.0.RELEASE\greenzone_crbt_muni_starToCopyProcess)
2023-07-17T11:42:31.875-0400 [main] INFO  c.s.g.m.MainApplicationTests         No active profile set, falling back to default profiles: default
2023-07-17T11:42:33.252-0400 [main] INFO  o.s.d.r.c.RepositoryConfigurationDelegate Bootstrapping Spring Data repositories in DEFAULT mode.
2023-07-17T11:42:33.285-0400 [main] INFO  o.s.d.r.c.RepositoryConfigurationDelegate Finished Spring Data repository scanning in 25ms. Found 0 repository interfaces.
2023-07-17T11:42:33.989-0400 [main] INFO  o.s.c.s.PostProcessorRegistrationDelegate$BeanPostProcessorChecker Bean 'org.springframework.transaction.annotation.ProxyTransactionManagementConfiguration' of type [org.springframework.transaction.annotation.ProxyTransactionManagementConfiguration$$EnhancerBySpringCGLIB$$2b29c1ec] is not eligible for getting processed by all BeanPostProcessors (for example: not eligible for auto-proxying)
2023-07-17T11:42:34.410-0400 [main] INFO  c.z.h.HikariDataSource               HikariPool-1 - Starting...
2023-07-17T11:42:34.414-0400 [main] WARN  c.z.h.u.DriverDataSource             Registered driver with driverClassName=com.mysql.jdbc.Driver was not found, trying direct instantiation.
2023-07-17T11:42:35.210-0400 [main] INFO  c.z.h.HikariDataSource               HikariPool-1 - Start completed.
2023-07-17T11:42:35.290-0400 [main] INFO  o.h.j.i.u.LogHelper                  HHH000204: Processing PersistenceUnitInfo [
	name: default
	...]
2023-07-17T11:42:35.428-0400 [main] INFO  o.h.Version                          HHH000412: Hibernate Core {5.3.7.Final}
2023-07-17T11:42:35.430-0400 [main] INFO  o.h.c.Environment                    HHH000206: hibernate.properties not found
2023-07-17T11:42:35.742-0400 [main] INFO  o.h.a.c.Version                      HCANN000001: Hibernate Commons Annotations {5.0.4.Final}
2023-07-17T11:42:35.930-0400 [main] INFO  o.h.d.Dialect                        HHH000400: Using dialect: org.hibernate.dialect.MySQL5Dialect
2023-07-17T11:42:36.252-0400 [main] INFO  o.s.o.j.LocalContainerEntityManagerFactoryBean Initialized JPA EntityManagerFactory for persistence unit 'default'
2023-07-17T11:42:36.331-0400 [main] INFO  o.s.s.c.ThreadPoolTaskExecutor       Initializing ExecutorService 'applicationTaskExecutor'
2023-07-17T11:42:36.391-0400 [main] INFO  c.s.g.m.ExecutorBase                 Running thread
2023-07-17T11:42:36.392-0400 [task-1] INFO  c.s.g.m.c.StarToCopyProcessThread    NOTIFICATION_SMS_ENABLE=Y|NOTIFICATION_SMS_INTERVAL=300|smsHourStart=12|smsHourEnd=20|hourSleepDuration=100000
2023-07-17T11:42:36.393-0400 [task-1] INFO  c.s.g.m.c.StarToCopyProcessThread    Start Notification
2023-07-17T11:42:36.393-0400 [task-1] INFO  c.s.g.m.c.StarToCopyProcessThread    currHours=11|start sleeping 
2023-07-17T11:42:38.132-0400 [main] INFO  c.s.g.m.MainApplicationTests         Started MainApplicationTests in 6.755 seconds (JVM running for 9.835)
2023-07-17T11:42:38.393-0400 [Thread-3] INFO  o.s.s.c.ThreadPoolTaskExecutor       Shutting down ExecutorService 'applicationTaskExecutor'
2023-07-17T11:42:38.393-0400 [Thread-3] INFO  o.s.o.j.LocalContainerEntityManagerFactoryBean Closing JPA EntityManagerFactory for persistence unit 'default'
2023-07-17T11:42:38.395-0400 [task-1] ERROR c.s.g.m.c.StarToCopyProcessThread    Exception occured on sleep|e=java.lang.InterruptedException: sleep interrupted
2023-07-17T11:42:38.395-0400 [task-1] INFO  c.s.g.m.c.StarToCopyProcessThread    query=select id, aparty,bparty,tone_id,aparty_rbt_flag,service_id,product_id,tone_service_id,tone_product_id,is_tone_charge from CRBT_ASYNC_START_TO_COPY_INFO where status='A' order by start_time ;
2023-07-17T11:42:38.397-0400 [Thread-3] INFO  c.z.h.HikariDataSource               HikariPool-1 - Shutdown initiated...
2023-07-17T11:42:38.398-0400 [task-1] INFO  c.s.g.m.c.StarToCopyProcessThread    Error occurred1121=org.springframework.jdbc.CannotGetJdbcConnectionException: Failed to obtain JDBC Connection; nested exception is java.sql.SQLException: HikariDataSource HikariDataSource (HikariPool-1) has been closed.
2023-07-17T11:42:38.404-0400 [task-1] INFO  c.s.g.m.c.StarToCopyProcessThread    Finished query result|blackHours=N
2023-07-17T11:42:38.404-0400 [task-1] INFO  c.s.g.m.c.StarToCopyProcessThread    Go to sleep
2023-07-17T11:42:38.428-0400 [Thread-3] INFO  c.z.h.HikariDataSource               HikariPool-1 - Shutdown completed.
